<?xml version="1.0" encoding="UTF-8"?>
<!-- Generated by org.testng.reporters.JUnitReportReporter -->
<testsuite hostname="TYSS-Chaithra" failures="0" tests="1" name="sdet21.ParametersAndAuthentication.BearerToken" time="2.867" errors="0" timestamp="2021-10-30T12:32:26 IST" skipped="0">
  <testcase classname="sdet21.ParametersAndAuthentication.BearerToken" name="bearerToken" time="2.867"/>
  <system-out/>
</testsuite> <!-- sdet21.ParametersAndAuthentication.BearerToken -->
