<?xml version="1.0" encoding="UTF-8"?>
<!-- Generated by org.testng.reporters.JUnitReportReporter -->
<testsuite hostname="TYSS-Chaithra" failures="0" tests="1" name="sdet21.RMGY.CRUD.Practice.GetAllProjects" time="1.202" errors="0" timestamp="2021-10-29T11:03:10 IST" skipped="0">
  <testcase classname="sdet21.RMGY.CRUD.Practice.GetAllProjects" name="getAllProjects" time="1.202"/>
  <system-out/>
</testsuite> <!-- sdet21.RMGY.CRUD.Practice.GetAllProjects -->
