<?xml version="1.0" encoding="UTF-8"?>
<!-- Generated by org.testng.reporters.JUnitReportReporter -->
<testsuite hostname="TYSS-Chaithra" failures="0" tests="1" name="sdet21.ParametersAndAuthentication.Oauth2_Authentication" time="3.129" errors="0" timestamp="2021-10-30T13:35:11 IST" skipped="0">
  <testcase classname="sdet21.ParametersAndAuthentication.Oauth2_Authentication" name="oauth" time="3.129"/>
  <system-out/>
</testsuite> <!-- sdet21.ParametersAndAuthentication.Oauth2_Authentication -->
