<?xml version="1.0" encoding="UTF-8"?>
<!-- Generated by org.testng.reporters.JUnitReportReporter -->
<testsuite hostname="TYSS-Chaithra" failures="0" tests="1" name="sdet21.ParametersAndAuthentication.QueryParameters" time="2.710" errors="0" timestamp="2021-10-29T12:44:20 IST" skipped="0">
  <testcase classname="sdet21.ParametersAndAuthentication.QueryParameters" name="queryParameter" time="2.710"/>
  <system-out/>
</testsuite> <!-- sdet21.ParametersAndAuthentication.QueryParameters -->
