<?xml version="1.0" encoding="UTF-8"?>
<!-- Generated by org.testng.reporters.JUnitReportReporter -->
<testsuite hostname="TYSS-Chaithra" failures="0" tests="1" name="sdet21.ParametersAndAuthentication.RequestChainingGet" time="2.150" errors="0" timestamp="2021-10-30T11:37:28 IST" skipped="0">
  <testcase classname="sdet21.ParametersAndAuthentication.RequestChainingGet" name="requestChainingForGet" time="2.150"/>
  <system-out/>
</testsuite> <!-- sdet21.ParametersAndAuthentication.RequestChainingGet -->
