<?xml version="1.0" encoding="UTF-8"?>
<!-- Generated by org.testng.reporters.JUnitReportReporter -->
<testsuite hostname="TYSS-Chaithra" failures="0" tests="1" name="sdet21.RMGY.CRUD.Practice.CreateProject" time="1.885" errors="0" timestamp="2021-10-27T16:13:33 IST" skipped="0">
  <testcase classname="sdet21.RMGY.CRUD.Practice.CreateProject" name="createProject" time="1.885"/>
  <system-out/>
</testsuite> <!-- sdet21.RMGY.CRUD.Practice.CreateProject -->
