<?xml version="1.0" encoding="UTF-8"?>
<!-- Generated by org.testng.reporters.JUnitReportReporter -->
<testsuite hostname="TYSS-Chaithra" failures="0" tests="1" name="sdet21.ParametersAndAuthentication.BasicAuth" time="1.683" errors="0" timestamp="2021-10-30T12:14:14 IST" skipped="0">
  <testcase classname="sdet21.ParametersAndAuthentication.BasicAuth" name="basicAuth" time="1.683"/>
  <system-out/>
</testsuite> <!-- sdet21.ParametersAndAuthentication.BasicAuth -->
