<?xml version="1.0" encoding="UTF-8"?>
<!-- Generated by org.testng.reporters.JUnitReportReporter -->
<testsuite hostname="TYSS-Chaithra" failures="0" tests="1" name="sdet21.EndToEndRMGY.CreateProjectAndVerifyInDatabase" time="1.651" errors="0" timestamp="2021-10-30T16:08:51 IST" skipped="0">
  <testcase classname="sdet21.EndToEndRMGY.CreateProjectAndVerifyInDatabase" name="createProjectAndVerifyInDB" time="1.651"/>
  <system-out/>
</testsuite> <!-- sdet21.EndToEndRMGY.CreateProjectAndVerifyInDatabase -->
