<?xml version="1.0" encoding="UTF-8"?>
<!-- Generated by org.testng.reporters.JUnitReportReporter -->
<testsuite hostname="TYSS-Chaithra" failures="0" tests="1" name="sdet21.RMGY.CRUD.Practice.CreateProjectUsingJSONFile" time="1.228" errors="0" timestamp="2021-10-28T12:02:17 IST" skipped="0">
  <testcase classname="sdet21.RMGY.CRUD.Practice.CreateProjectUsingJSONFile" name="createProjectUsingFile" time="1.228"/>
  <system-out/>
</testsuite> <!-- sdet21.RMGY.CRUD.Practice.CreateProjectUsingJSONFile -->
