<?xml version="1.0" encoding="UTF-8"?>
<!-- Generated by org.testng.reporters.JUnitReportReporter -->
<testsuite hostname="TYSS-Chaithra" failures="0" tests="1" name="sdet21.ParametersAndAuthentication.PathParameter" time="1.257" errors="0" timestamp="2021-10-29T12:37:56 IST" skipped="0">
  <testcase classname="sdet21.ParametersAndAuthentication.PathParameter" name="pathParameter" time="1.257"/>
  <system-out/>
</testsuite> <!-- sdet21.ParametersAndAuthentication.PathParameter -->
