<?xml version="1.0" encoding="UTF-8"?>
<!-- Generated by org.testng.reporters.JUnitReportReporter -->
<testsuite hostname="TYSS-Chaithra" failures="0" tests="1" name="sdet21.RMGY.CRUD.Practice.CreateProjectUsingHashMap" time="1.577" errors="0" timestamp="2021-10-28T11:46:34 IST" skipped="0">
  <testcase classname="sdet21.RMGY.CRUD.Practice.CreateProjectUsingHashMap" name="createProjectUsingHashMap" time="1.577"/>
  <system-out/>
</testsuite> <!-- sdet21.RMGY.CRUD.Practice.CreateProjectUsingHashMap -->
