<?xml version="1.0" encoding="UTF-8"?>
<!-- Generated by org.testng.reporters.JUnitReportReporter -->
<testsuite hostname="TYSS-Chaithra" failures="0" tests="1" name="sdet21.ComplexResponseValiadtion.DynamicResponse" time="1.599" errors="0" timestamp="2021-10-29T12:09:26 IST" skipped="0">
  <testcase classname="sdet21.ComplexResponseValiadtion.DynamicResponse" name="dynamicResponse" time="1.599"/>
  <system-out/>
</testsuite> <!-- sdet21.ComplexResponseValiadtion.DynamicResponse -->
