<?xml version="1.0" encoding="UTF-8"?>
<!-- Generated by org.testng.reporters.JUnitReportReporter -->
<testsuite hostname="TYSS-Chaithra" failures="0" tests="1" name="sdet21.RMGY.CRUD.Practice.CreateProjectUsingPOJO" time="1.491" errors="0" timestamp="2021-10-29T10:59:25 IST" skipped="0">
  <testcase classname="sdet21.RMGY.CRUD.Practice.CreateProjectUsingPOJO" name="createProjerctUsingPOJO" time="1.491"/>
  <system-out/>
</testsuite> <!-- sdet21.RMGY.CRUD.Practice.CreateProjectUsingPOJO -->
