<?xml version="1.0" encoding="UTF-8"?>
<!-- Generated by org.testng.reporters.JUnitReportReporter -->
<testsuite hostname="TYSS-Chaithra" failures="0" tests="1" name="sdet21.ComplexResponseValiadtion.StaticResponse" time="1.659" errors="0" timestamp="2021-10-29T11:29:40 IST" skipped="0">
  <testcase classname="sdet21.ComplexResponseValiadtion.StaticResponse" name="staticResponse" time="1.659"/>
  <system-out/>
</testsuite> <!-- sdet21.ComplexResponseValiadtion.StaticResponse -->
